#
# There is insufficient memory for the Java Runtime Environment to continue.
# Native memory allocation (malloc) failed to allocate 1048576 bytes for AllocateHeap
# Possible reasons:
#   The system is out of physical RAM or swap space
#   In 32 bit mode, the process size limit was hit
# Possible solutions:
#   Reduce memory load on the system
#   Increase physical memory or swap space
#   Check if swap backing store is full
#   Use 64 bit Java on a 64 bit OS
#   Decrease Java heap size (-Xmx/-Xms)
#   Decrease number of Java threads
#   Decrease Java thread stack sizes (-Xss)
#   Set larger code cache with -XX:ReservedCodeCacheSize=
# This output file may be truncated or incomplete.
#
#  Out of Memory Error (memory/allocation.inline.hpp:61), pid=12852, tid=17624
#
# JRE version:  (7.0_80-b15) (build )
# Java VM: Java HotSpot(TM) 64-Bit Server VM (24.80-b11 mixed mode windows-amd64 compressed oops)
# Failed to write core dump. Minidumps are not enabled by default on client versions of Windows
#

---------------  T H R E A D  ---------------

Current thread (0x0000000002324800):  JavaThread "Unknown thread" [_thread_in_vm, id=17624, stack(0x0000000002170000,0x0000000002270000)]

Stack: [0x0000000002170000,0x0000000002270000]
[error occurred during error reporting (printing stack bounds), id 0xc0000005]


---------------  P R O C E S S  ---------------

Java Threads: ( => current thread )

Other Threads:

=>0x0000000002324800 (exited) JavaThread "Unknown thread" [_thread_in_vm, id=17624, stack(0x0000000002170000,0x0000000002270000)]

VM state:not at safepoint (normal execution)

VM Mutex/Monitor currently owned by a thread: None

Heap
 PSYoungGen      total 76288K, used 1310K [0x00000000eaa80000, 0x00000000eff80000, 0x0000000100000000)
  eden space 65536K, 2% used [0x00000000eaa80000,0x00000000eabc7b38,0x00000000eea80000)
  from space 10752K, 0% used [0x00000000ef500000,0x00000000ef500000,0x00000000eff80000)
  to   space 10752K, 0% used [0x00000000eea80000,0x00000000eea80000,0x00000000ef500000)
 ParOldGen       total 173056K, used 0K [0x00000000c0000000, 0x00000000ca900000, 0x00000000eaa80000)
  object space 173056K, 0% used [0x00000000c0000000,0x00000000c0000000,0x00000000ca900000)
 PSPermGen       total 21504K, used 697K [0x00000000bae00000, 0x00000000bc300000, 0x00000000c0000000)
  object space 21504K, 3% used [0x00000000bae00000,0x00000000baeae5c8,0x00000000bc300000)

Card table byte_map: [0x00000000054e0000,0x0000000005710000] byte_map_base: 0x0000000004f09000

Polling page: 0x0000000000910000

Code Cache  [0x0000000002420000, 0x0000000002690000, 0x0000000005420000)
 total_blobs=38 nmethods=0 adapters=20 free_code_cache=48889Kb largest_free_block=50062528

Compilation events (0 events):
No events

GC Heap History (0 events):
No events

Deoptimization events (0 events):
No events

Internal exceptions (0 events):
No events

Events (10 events):
Event: 2.136 loading class 0x0000000002369fc0
Event: 2.136 loading class 0x0000000002369fc0 done
Event: 2.136 loading class 0x000000000236a010
Event: 2.136 loading class 0x000000000236a010 done
Event: 2.136 loading class 0x000000000236a060
Event: 2.136 loading class 0x000000000236a060 done
Event: 2.137 loading class 0x000000000236ade0
Event: 2.137 loading class 0x000000000236ade0 done
Event: 2.137 loading class 0x000000000236aa00
Event: 2.186 loading class 0x000000000236aa00 done


Dynamic libraries:
0x00007ff7ec1a0000 - 0x00007ff7ec1d3000 	C:\Program Files\Java\jdk1.7.0_80\bin\java.exe
0x00007ff8b6160000 - 0x00007ff8b630d000 	C:\windows\SYSTEM32\ntdll.dll
0x00007ff8b38e0000 - 0x00007ff8b3a1a000 	C:\windows\system32\KERNEL32.DLL
0x00007ff8b3710000 - 0x00007ff8b3825000 	C:\windows\system32\KERNELBASE.dll
0x00007ff8b1830000 - 0x00007ff8b18b8000 	C:\windows\system32\apphelp.dll
0x00007ff88e840000 - 0x00007ff88e88f000 	C:\windows\AppPatch\AppPatch64\AcGenral.DLL
0x00007ff8b5910000 - 0x00007ff8b59b7000 	C:\windows\system32\msvcrt.dll
0x00007ff8b36e0000 - 0x00007ff8b370b000 	C:\windows\system32\SspiCli.dll
0x00007ff8b5d70000 - 0x00007ff8b5dc1000 	C:\windows\system32\SHLWAPI.dll
0x00007ff8b5be0000 - 0x00007ff8b5d57000 	C:\windows\system32\USER32.dll
0x00007ff8b5320000 - 0x00007ff8b54b4000 	C:\windows\system32\ole32.dll
0x00007ff8b3bd0000 - 0x00007ff8b50fb000 	C:\windows\system32\SHELL32.dll
0x00007ff8b2ba0000 - 0x00007ff8b2bbe000 	C:\windows\SYSTEM32\USERENV.dll
0x00007ff8b5670000 - 0x00007ff8b571a000 	C:\windows\system32\ADVAPI32.dll
0x00007ff89e560000 - 0x00007ff89e57b000 	C:\windows\SYSTEM32\MPR.dll
0x00007ff8b5e30000 - 0x00007ff8b5f70000 	C:\windows\system32\RPCRT4.dll
0x00007ff8b5dd0000 - 0x00007ff8b5e29000 	C:\windows\SYSTEM32\sechost.dll
0x00007ff8b5100000 - 0x00007ff8b5311000 	C:\windows\SYSTEM32\combase.dll
0x00007ff8b54c0000 - 0x00007ff8b5610000 	C:\windows\system32\GDI32.dll
0x00007ff8b32e0000 - 0x00007ff8b32f4000 	C:\windows\SYSTEM32\profapi.dll
0x00007ff8b1c50000 - 0x00007ff8b1cef000 	C:\windows\SYSTEM32\SHCORE.dll
0x00007ff8b5b90000 - 0x00007ff8b5bc4000 	C:\windows\system32\IMM32.DLL
0x00007ff8b5f70000 - 0x00007ff8b60c1000 	C:\windows\system32\MSCTF.dll
0x00007ff8b15b0000 - 0x00007ff8b182a000 	C:\windows\WinSxS\amd64_microsoft.windows.common-controls_6595b64144ccf1df_6.0.9600.17810_none_6240b9c7ecbd0bda\COMCTL32.dll
0x00007ff8a24d0000 - 0x00007ff8a2577000 	C:\Program Files\McAfee\Host Intrusion Prevention\HcApi.dll
0x000000005f9d0000 - 0x000000005f9db000 	C:\Program Files\McAfee\Host Intrusion Prevention\HcThe.dll
0x000000005d1d0000 - 0x000000005d2a2000 	C:\Program Files\Java\jdk1.7.0_80\jre\bin\msvcr100.dll
0x000000005d940000 - 0x000000005e119000 	C:\Program Files\Java\jdk1.7.0_80\jre\bin\server\jvm.dll
0x00007ff8af4b0000 - 0x00007ff8af4b9000 	C:\windows\SYSTEM32\WSOCK32.dll
0x00007ff8aa4b0000 - 0x00007ff8aa4cf000 	C:\windows\SYSTEM32\WINMM.dll
0x00007ff8b5720000 - 0x00007ff8b5727000 	C:\windows\system32\PSAPI.DLL
0x00007ff8b5b30000 - 0x00007ff8b5b88000 	C:\windows\system32\WS2_32.dll
0x00007ff8aa480000 - 0x00007ff8aa4aa000 	C:\windows\SYSTEM32\WINMMBASE.dll
0x00007ff8b5bd0000 - 0x00007ff8b5bd9000 	C:\windows\system32\NSI.dll
0x00007ff8b33b0000 - 0x00007ff8b33fa000 	C:\windows\SYSTEM32\cfgmgr32.dll
0x00007ff8b2160000 - 0x00007ff8b2186000 	C:\windows\SYSTEM32\DEVOBJ.dll
0x000000005d930000 - 0x000000005d93f000 	C:\Program Files\Java\jdk1.7.0_80\jre\bin\verify.dll
0x000000005d900000 - 0x000000005d928000 	C:\Program Files\Java\jdk1.7.0_80\jre\bin\java.dll
0x000000005d8e0000 - 0x000000005d8f6000 	C:\Program Files\Java\jdk1.7.0_80\jre\bin\zip.dll

VM Arguments:
jvm_args: -Djava.awt.headless=true -Xmx1024M -Dfile.encoding=windows-1252 -Duser.country=US -Duser.language=en -Duser.variant -Djava.net.preferIPv4Stack=true 
java_command: com.android.dx.command.Main --dex --force-jumbo --num-threads=4 --multi-dex --output C:\Users\mjohanso\AndroidStudioProjects\VehicleTracker\app\build\intermediates\transforms\dex\debug\folders\1000\10\internal_impl-23.4.0_f324ab14626e120f2581211c07fce4eee8ab6d04 C:\Users\mjohanso\AndroidStudioProjects\VehicleTracker\app\build\intermediates\exploded-aar\com.android.support\support-v4\23.4.0\jars\libs\internal_impl-23.4.0.jar
Launcher Type: SUN_STANDARD

Environment Variables:
JAVA_HOME=C:\Program Files\Java\jdk1.7.0_80
_JAVA_OPTIONS=-Djava.net.preferIPv4Stack=true
USERNAME=mjohanso
OS=Windows_NT
PROCESSOR_IDENTIFIER=Intel64 Family 6 Model 60 Stepping 3, GenuineIntel



---------------  S Y S T E M  ---------------

OS: Windows 8.1 , 64 bit Build 9600 

CPU:total 4 (2 cores per cpu, 2 threads per core) family 6 model 60 stepping 3, cmov, cx8, fxsr, mmx, sse, sse2, sse3, ssse3, sse4.1, sse4.2, popcnt, avx, avx2, aes, erms, ht, tsc, tscinvbit

Memory: 4k page, physical 16651512k(2839928k free), swap 16651512k(13196k free)

vm_info: Java HotSpot(TM) 64-Bit Server VM (24.80-b11) for windows-amd64 JRE (1.7.0_80-b15), built on Apr 10 2015 11:26:34 by "java_re" with unknown MS VC++:1600

time: Thu Jun 02 09:58:15 2016
elapsed time: 2 seconds

